<?xml version="1.0" encoding="UTF-8"?>
<!-- Generated by org.testng.reporters.JUnitReportReporter -->
<testsuite skipped="0" hostname="Rajesh_Hari" name="com.qa.test.DemoClass" tests="1" failures="0" timestamp="19 Jun 2020 20:53:24 GMT" time="0.023" errors="0">
  <testcase name="test" time="0.023" classname="com.qa.test.DemoClass"/>
</testsuite> <!-- com.qa.test.DemoClass -->
