<?xml version="1.0" encoding="UTF-8"?>
<!-- Generated by org.testng.reporters.JUnitReportReporter -->
<testsuite skipped="0" hostname="Rajesh_Hari" name="com.qa.test.DemoClass1" tests="2" failures="0" timestamp="03 Jul 2020 18:20:45 GMT" time="0.002" errors="0">
  <testcase name="verifyPass" time="0.001" classname="com.qa.test.DemoClass1"/>
  <testcase name="verifyEqual" time="0.001" classname="com.qa.test.DemoClass1"/>
</testsuite> <!-- com.qa.test.DemoClass1 -->
